<?xml version="1.0" encoding="UTF-8"?>
<!--

    Copyright (C) 2023, Partners of the EU funded DE4A project consortium
      (https://www.de4a.eu/consortium), under Grant Agreement No.870635
    Author:
      Austrian Federal Computing Center (BRZ)
      Spanish Ministry of Economic Affairs and Digital Transformation -
        General Secretariat for Digital Administration (MAETD - SGAD)

    Licensed under the Apache License, Version 2.0 (the "License");
    you may not use this file except in compliance with the License.
    You may obtain a copy of the License at

            http://www.apache.org/licenses/LICENSE-2.0

    Unless required by applicable law or agreed to in writing, software
    distributed under the License is distributed on an "AS IS" BASIS,
    WITHOUT WARRANTIES OR CONDITIONS OF ANY KIND, either express or implied.
    See the License for the specific language governing permissions and
    limitations under the License.

-->
<RequestTransferEvidenceUSI xmlns="http://www.de4a.eu/2020/data/requestor/v2" xmlns:eil="http://eidas.europa.eu/attributes/legalperson" xmlns:ein="http://eidas.europa.eu/attributes/naturalperson" xmlns:ct="http://www.de4a.eu/2020/commons/type/v2">
  <ct:RequestId>d6962a65-89c5-4ffb-a3ef-e5f187a2f57a</ct:RequestId>
  <ct:SpecificationId>de4a-iem-v2</ct:SpecificationId>
  <ct:TimeStamp>2022-07-13T19:37:33.569</ct:TimeStamp>
  <ct:ProcedureId>Procedure-2032958362</ct:ProcedureId>
  <ct:DataEvaluator>
    <ct:AgentUrn>iso6523-actorid-upis::9999:demoui-localhost-it2</ct:AgentUrn>
    <ct:AgentName>Maxi Musterfrau 1469752775</ct:AgentName>
  </ct:DataEvaluator>
  <ct:DataOwner>
    <ct:AgentUrn>iso6523-actorid-upis::9999:mock-do-localhost-it2</ct:AgentUrn>
    <ct:AgentName>Maxi Musterfrau 1213639354</ct:AgentName>
  </ct:DataOwner>
  <ct:RequestEvidenceUSIItem>
    <ct:RequestItemId>e2a9be9e-abd8-4e31-b5d4-7dfd035e8b01</ct:RequestItemId>
    <ct:DataRequestSubject>
      <ct:DataSubjectPerson>
        <!-- 
          ES/SI/87654320 - no auto response
          ES/SI/87654321 - immediate response
        -->
        <ct:PersonIdentifier>ES/SI/87654320</ct:PersonIdentifier>
        <ct:FirstName>FirstName-886820254</ct:FirstName>
        <ct:FamilyName>FamilyName-1113209844</ct:FamilyName>
        <ct:DateOfBirth>1971-07-13</ct:DateOfBirth>
        <ct:Gender>Female</ct:Gender>
      </ct:DataSubjectPerson>
    </ct:DataRequestSubject>
    <ct:CanonicalEvidenceTypeId>urn:de4a-eu:CanonicalEvidenceType::HigherEducationDiploma:1.0</ct:CanonicalEvidenceTypeId>
    <ct:RequestGrounds>
      <ct:ExplicitRequest>SDGR14</ct:ExplicitRequest>
    </ct:RequestGrounds>
    <ct:DataEvaluatorURL>http://localhost:8090/public/locale-en_US/menuitem-de-usi-evidence</ct:DataEvaluatorURL>
  </ct:RequestEvidenceUSIItem>
</RequestTransferEvidenceUSI>
